{"/root/.openclaw/workspace/TheRealTOC/src/hooks/useChallenges.ts": {"path":"/root/.openclaw/workspace/TheRealTOC/src/hooks/useChallenges.ts","statementMap":{"0":{"start":{"line":21,"column":28},"end":{"line":25,"column":4}},"1":{"start":{"line":27,"column":26},"end":{"line":79,"column":16}},"2":{"start":{"line":28,"column":4},"end":{"line":31,"column":5}},"3":{"start":{"line":29,"column":6},"end":{"line":29,"column":64}},"4":{"start":{"line":30,"column":6},"end":{"line":30,"column":13}},"5":{"start":{"line":33,"column":4},"end":{"line":33,"column":64}},"6":{"start":{"line":33,"column":22},"end":{"line":33,"column":61}},"7":{"start":{"line":35,"column":28},"end":{"line":52,"column":48}},"8":{"start":{"line":54,"column":4},"end":{"line":57,"column":5}},"9":{"start":{"line":55,"column":6},"end":{"line":55,"column":73}},"10":{"start":{"line":56,"column":6},"end":{"line":56,"column":13}},"11":{"start":{"line":59,"column":56},"end":{"line":76,"column":7}},"12":{"start":{"line":59,"column":86},"end":{"line":76,"column":5}},"13":{"start":{"line":78,"column":4},"end":{"line":78,"column":79}},"14":{"start":{"line":81,"column":2},"end":{"line":83,"column":24}},"15":{"start":{"line":82,"column":4},"end":{"line":82,"column":22}},"16":{"start":{"line":85,"column":26},"end":{"line":108,"column":3}},"17":{"start":{"line":90,"column":28},"end":{"line":94,"column":6}},"18":{"start":{"line":96,"column":4},"end":{"line":98,"column":5}},"19":{"start":{"line":97,"column":6},"end":{"line":97,"column":54}},"20":{"start":{"line":100,"column":19},"end":{"line":100,"column":68}},"21":{"start":{"line":102,"column":4},"end":{"line":104,"column":5}},"22":{"start":{"line":103,"column":6},"end":{"line":103,"column":53}},"23":{"start":{"line":106,"column":4},"end":{"line":106,"column":28}},"24":{"start":{"line":107,"column":4},"end":{"line":107,"column":63}},"25":{"start":{"line":110,"column":26},"end":{"line":129,"column":3}},"26":{"start":{"line":113,"column":28},"end":{"line":115,"column":6}},"27":{"start":{"line":117,"column":4},"end":{"line":119,"column":5}},"28":{"start":{"line":118,"column":6},"end":{"line":118,"column":54}},"29":{"start":{"line":121,"column":19},"end":{"line":121,"column":64}},"30":{"start":{"line":123,"column":4},"end":{"line":125,"column":5}},"31":{"start":{"line":124,"column":6},"end":{"line":124,"column":53}},"32":{"start":{"line":127,"column":4},"end":{"line":127,"column":28}},"33":{"start":{"line":128,"column":4},"end":{"line":128,"column":29}},"34":{"start":{"line":131,"column":27},"end":{"line":150,"column":3}},"35":{"start":{"line":134,"column":28},"end":{"line":136,"column":6}},"36":{"start":{"line":138,"column":4},"end":{"line":140,"column":5}},"37":{"start":{"line":139,"column":6},"end":{"line":139,"column":54}},"38":{"start":{"line":142,"column":19},"end":{"line":142,"column":64}},"39":{"start":{"line":144,"column":4},"end":{"line":146,"column":5}},"40":{"start":{"line":145,"column":6},"end":{"line":145,"column":53}},"41":{"start":{"line":148,"column":4},"end":{"line":148,"column":28}},"42":{"start":{"line":149,"column":4},"end":{"line":149,"column":29}},"43":{"start":{"line":152,"column":34},"end":{"line":175,"column":3}},"44":{"start":{"line":157,"column":28},"end":{"line":161,"column":6}},"45":{"start":{"line":163,"column":4},"end":{"line":165,"column":5}},"46":{"start":{"line":164,"column":6},"end":{"line":164,"column":54}},"47":{"start":{"line":167,"column":19},"end":{"line":167,"column":64}},"48":{"start":{"line":169,"column":4},"end":{"line":171,"column":5}},"49":{"start":{"line":170,"column":6},"end":{"line":170,"column":53}},"50":{"start":{"line":173,"column":4},"end":{"line":173,"column":28}},"51":{"start":{"line":174,"column":4},"end":{"line":174,"column":29}},"52":{"start":{"line":177,"column":27},"end":{"line":196,"column":3}},"53":{"start":{"line":180,"column":28},"end":{"line":182,"column":6}},"54":{"start":{"line":184,"column":4},"end":{"line":186,"column":5}},"55":{"start":{"line":185,"column":6},"end":{"line":185,"column":54}},"56":{"start":{"line":188,"column":19},"end":{"line":188,"column":83}},"57":{"start":{"line":190,"column":4},"end":{"line":192,"column":5}},"58":{"start":{"line":191,"column":6},"end":{"line":191,"column":53}},"59":{"start":{"line":194,"column":4},"end":{"line":194,"column":28}},"60":{"start":{"line":195,"column":4},"end":{"line":195,"column":55}},"61":{"start":{"line":198,"column":2},"end":{"line":206,"column":4}}},"fnMap":{"0":{"name":"useChallenges","decl":{"start":{"line":20,"column":16},"end":{"line":20,"column":29}},"loc":{"start":{"line":20,"column":55},"end":{"line":207,"column":1}},"line":20},"1":{"name":"(anonymous_1)","decl":{"start":{"line":27,"column":38},"end":{"line":27,"column":39}},"loc":{"start":{"line":27,"column":50},"end":{"line":79,"column":3}},"line":27},"2":{"name":"(anonymous_2)","decl":{"start":{"line":33,"column":13},"end":{"line":33,"column":14}},"loc":{"start":{"line":33,"column":22},"end":{"line":33,"column":61}},"line":33},"3":{"name":"(anonymous_3)","decl":{"start":{"line":59,"column":73},"end":{"line":59,"column":74}},"loc":{"start":{"line":59,"column":86},"end":{"line":76,"column":5}},"line":59},"4":{"name":"(anonymous_4)","decl":{"start":{"line":81,"column":12},"end":{"line":81,"column":13}},"loc":{"start":{"line":81,"column":18},"end":{"line":83,"column":3}},"line":81},"5":{"name":"(anonymous_5)","decl":{"start":{"line":85,"column":26},"end":{"line":85,"column":27}},"loc":{"start":{"line":89,"column":76},"end":{"line":108,"column":3}},"line":89},"6":{"name":"(anonymous_6)","decl":{"start":{"line":110,"column":26},"end":{"line":110,"column":27}},"loc":{"start":{"line":112,"column":54},"end":{"line":129,"column":3}},"line":112},"7":{"name":"(anonymous_7)","decl":{"start":{"line":131,"column":27},"end":{"line":131,"column":28}},"loc":{"start":{"line":133,"column":54},"end":{"line":150,"column":3}},"line":133},"8":{"name":"(anonymous_8)","decl":{"start":{"line":152,"column":34},"end":{"line":152,"column":35}},"loc":{"start":{"line":156,"column":54},"end":{"line":175,"column":3}},"line":156},"9":{"name":"(anonymous_9)","decl":{"start":{"line":177,"column":27},"end":{"line":177,"column":28}},"loc":{"start":{"line":179,"column":72},"end":{"line":196,"column":3}},"line":179}},"branchMap":{"0":{"loc":{"start":{"line":28,"column":4},"end":{"line":31,"column":5}},"type":"if","locations":[{"start":{"line":28,"column":4},"end":{"line":31,"column":5}},{"start":{},"end":{}}],"line":28},"1":{"loc":{"start":{"line":54,"column":4},"end":{"line":57,"column":5}},"type":"if","locations":[{"start":{"line":54,"column":4},"end":{"line":57,"column":5}},{"start":{},"end":{}}],"line":54},"2":{"loc":{"start":{"line":59,"column":57},"end":{"line":59,"column":67}},"type":"binary-expr","locations":[{"start":{"line":59,"column":57},"end":{"line":59,"column":61}},{"start":{"line":59,"column":65},"end":{"line":59,"column":67}}],"line":59},"3":{"loc":{"start":{"line":71,"column":31},"end":{"line":71,"column":79}},"type":"binary-expr","locations":[{"start":{"line":71,"column":31},"end":{"line":71,"column":66}},{"start":{"line":71,"column":70},"end":{"line":71,"column":79}}],"line":71},"4":{"loc":{"start":{"line":72,"column":31},"end":{"line":72,"column":79}},"type":"binary-expr","locations":[{"start":{"line":72,"column":31},"end":{"line":72,"column":66}},{"start":{"line":72,"column":70},"end":{"line":72,"column":79}}],"line":72},"5":{"loc":{"start":{"line":73,"column":23},"end":{"line":73,"column":69}},"type":"binary-expr","locations":[{"start":{"line":73,"column":23},"end":{"line":73,"column":61}},{"start":{"line":73,"column":65},"end":{"line":73,"column":69}}],"line":73},"6":{"loc":{"start":{"line":74,"column":23},"end":{"line":74,"column":69}},"type":"binary-expr","locations":[{"start":{"line":74,"column":23},"end":{"line":74,"column":61}},{"start":{"line":74,"column":65},"end":{"line":74,"column":69}}],"line":74},"7":{"loc":{"start":{"line":75,"column":18},"end":{"line":75,"column":39}},"type":"binary-expr","locations":[{"start":{"line":75,"column":18},"end":{"line":75,"column":31}},{"start":{"line":75,"column":35},"end":{"line":75,"column":39}}],"line":75},"8":{"loc":{"start":{"line":96,"column":4},"end":{"line":98,"column":5}},"type":"if","locations":[{"start":{"line":96,"column":4},"end":{"line":98,"column":5}},{"start":{},"end":{}}],"line":96},"9":{"loc":{"start":{"line":102,"column":4},"end":{"line":104,"column":5}},"type":"if","locations":[{"start":{"line":102,"column":4},"end":{"line":104,"column":5}},{"start":{},"end":{}}],"line":102},"10":{"loc":{"start":{"line":117,"column":4},"end":{"line":119,"column":5}},"type":"if","locations":[{"start":{"line":117,"column":4},"end":{"line":119,"column":5}},{"start":{},"end":{}}],"line":117},"11":{"loc":{"start":{"line":123,"column":4},"end":{"line":125,"column":5}},"type":"if","locations":[{"start":{"line":123,"column":4},"end":{"line":125,"column":5}},{"start":{},"end":{}}],"line":123},"12":{"loc":{"start":{"line":138,"column":4},"end":{"line":140,"column":5}},"type":"if","locations":[{"start":{"line":138,"column":4},"end":{"line":140,"column":5}},{"start":{},"end":{}}],"line":138},"13":{"loc":{"start":{"line":144,"column":4},"end":{"line":146,"column":5}},"type":"if","locations":[{"start":{"line":144,"column":4},"end":{"line":146,"column":5}},{"start":{},"end":{}}],"line":144},"14":{"loc":{"start":{"line":163,"column":4},"end":{"line":165,"column":5}},"type":"if","locations":[{"start":{"line":163,"column":4},"end":{"line":165,"column":5}},{"start":{},"end":{}}],"line":163},"15":{"loc":{"start":{"line":169,"column":4},"end":{"line":171,"column":5}},"type":"if","locations":[{"start":{"line":169,"column":4},"end":{"line":171,"column":5}},{"start":{},"end":{}}],"line":169},"16":{"loc":{"start":{"line":184,"column":4},"end":{"line":186,"column":5}},"type":"if","locations":[{"start":{"line":184,"column":4},"end":{"line":186,"column":5}},{"start":{},"end":{}}],"line":184},"17":{"loc":{"start":{"line":190,"column":4},"end":{"line":192,"column":5}},"type":"if","locations":[{"start":{"line":190,"column":4},"end":{"line":192,"column":5}},{"start":{},"end":{}}],"line":190}},"s":{"0":80,"1":80,"2":35,"3":1,"4":1,"5":34,"6":34,"7":34,"8":34,"9":1,"10":1,"11":33,"12":3,"13":33,"14":80,"15":23,"16":80,"17":8,"18":8,"19":1,"20":7,"21":7,"22":5,"23":2,"24":2,"25":80,"26":3,"27":3,"28":0,"29":3,"30":3,"31":1,"32":2,"33":2,"34":80,"35":2,"36":2,"37":0,"38":2,"39":2,"40":0,"41":2,"42":2,"43":80,"44":3,"45":3,"46":0,"47":3,"48":3,"49":0,"50":3,"51":3,"52":80,"53":2,"54":2,"55":0,"56":2,"57":2,"58":0,"59":2,"60":2,"61":80},"f":{"0":80,"1":35,"2":34,"3":3,"4":23,"5":8,"6":3,"7":2,"8":3,"9":2},"b":{"0":[1,34],"1":[1,33],"2":[33,0],"3":[3,0],"4":[3,0],"5":[3,0],"6":[3,0],"7":[3,3],"8":[1,7],"9":[5,2],"10":[0,3],"11":[1,2],"12":[0,2],"13":[0,2],"14":[0,3],"15":[0,3],"16":[0,2],"17":[0,2]},"_coverageSchema":"1a1c01bbd47fc00a2c39e90264f33305004495a9","hash":"05a0668351e779f52db5793290508fe4ad44c64e"}
,"/root/.openclaw/workspace/TheRealTOC/src/hooks/useMatches.ts": {"path":"/root/.openclaw/workspace/TheRealTOC/src/hooks/useMatches.ts","statementMap":{"0":{"start":{"line":21,"column":28},"end":{"line":25,"column":4}},"1":{"start":{"line":27,"column":23},"end":{"line":91,"column":16}},"2":{"start":{"line":28,"column":4},"end":{"line":31,"column":5}},"3":{"start":{"line":29,"column":6},"end":{"line":29,"column":61}},"4":{"start":{"line":30,"column":6},"end":{"line":30,"column":13}},"5":{"start":{"line":33,"column":4},"end":{"line":33,"column":64}},"6":{"start":{"line":33,"column":22},"end":{"line":33,"column":61}},"7":{"start":{"line":35,"column":28},"end":{"line":55,"column":50}},"8":{"start":{"line":57,"column":4},"end":{"line":60,"column":5}},"9":{"start":{"line":58,"column":6},"end":{"line":58,"column":70}},"10":{"start":{"line":59,"column":6},"end":{"line":59,"column":13}},"11":{"start":{"line":62,"column":49},"end":{"line":88,"column":7}},"12":{"start":{"line":62,"column":79},"end":{"line":88,"column":5}},"13":{"start":{"line":90,"column":4},"end":{"line":90,"column":73}},"14":{"start":{"line":93,"column":2},"end":{"line":95,"column":21}},"15":{"start":{"line":94,"column":4},"end":{"line":94,"column":19}},"16":{"start":{"line":97,"column":28},"end":{"line":122,"column":3}},"17":{"start":{"line":103,"column":28},"end":{"line":108,"column":6}},"18":{"start":{"line":110,"column":4},"end":{"line":112,"column":5}},"19":{"start":{"line":111,"column":6},"end":{"line":111,"column":54}},"20":{"start":{"line":114,"column":19},"end":{"line":114,"column":86}},"21":{"start":{"line":116,"column":4},"end":{"line":118,"column":5}},"22":{"start":{"line":117,"column":6},"end":{"line":117,"column":53}},"23":{"start":{"line":120,"column":4},"end":{"line":120,"column":25}},"24":{"start":{"line":121,"column":4},"end":{"line":121,"column":52}},"25":{"start":{"line":124,"column":2},"end":{"line":128,"column":4}}},"fnMap":{"0":{"name":"useMatches","decl":{"start":{"line":20,"column":16},"end":{"line":20,"column":26}},"loc":{"start":{"line":20,"column":52},"end":{"line":129,"column":1}},"line":20},"1":{"name":"(anonymous_1)","decl":{"start":{"line":27,"column":35},"end":{"line":27,"column":36}},"loc":{"start":{"line":27,"column":47},"end":{"line":91,"column":3}},"line":27},"2":{"name":"(anonymous_2)","decl":{"start":{"line":33,"column":13},"end":{"line":33,"column":14}},"loc":{"start":{"line":33,"column":22},"end":{"line":33,"column":61}},"line":33},"3":{"name":"(anonymous_3)","decl":{"start":{"line":62,"column":66},"end":{"line":62,"column":67}},"loc":{"start":{"line":62,"column":79},"end":{"line":88,"column":5}},"line":62},"4":{"name":"(anonymous_4)","decl":{"start":{"line":93,"column":12},"end":{"line":93,"column":13}},"loc":{"start":{"line":93,"column":18},"end":{"line":95,"column":3}},"line":93},"5":{"name":"(anonymous_5)","decl":{"start":{"line":97,"column":28},"end":{"line":97,"column":29}},"loc":{"start":{"line":102,"column":76},"end":{"line":122,"column":3}},"line":102}},"branchMap":{"0":{"loc":{"start":{"line":28,"column":4},"end":{"line":31,"column":5}},"type":"if","locations":[{"start":{"line":28,"column":4},"end":{"line":31,"column":5}},{"start":{},"end":{}}],"line":28},"1":{"loc":{"start":{"line":57,"column":4},"end":{"line":60,"column":5}},"type":"if","locations":[{"start":{"line":57,"column":4},"end":{"line":60,"column":5}},{"start":{},"end":{}}],"line":57},"2":{"loc":{"start":{"line":62,"column":50},"end":{"line":62,"column":60}},"type":"binary-expr","locations":[{"start":{"line":62,"column":50},"end":{"line":62,"column":54}},{"start":{"line":62,"column":58},"end":{"line":62,"column":60}}],"line":62},"3":{"loc":{"start":{"line":82,"column":31},"end":{"line":82,"column":79}},"type":"binary-expr","locations":[{"start":{"line":82,"column":31},"end":{"line":82,"column":66}},{"start":{"line":82,"column":70},"end":{"line":82,"column":79}}],"line":82},"4":{"loc":{"start":{"line":83,"column":31},"end":{"line":83,"column":79}},"type":"binary-expr","locations":[{"start":{"line":83,"column":31},"end":{"line":83,"column":66}},{"start":{"line":83,"column":70},"end":{"line":83,"column":79}}],"line":83},"5":{"loc":{"start":{"line":84,"column":23},"end":{"line":84,"column":69}},"type":"binary-expr","locations":[{"start":{"line":84,"column":23},"end":{"line":84,"column":61}},{"start":{"line":84,"column":65},"end":{"line":84,"column":69}}],"line":84},"6":{"loc":{"start":{"line":85,"column":23},"end":{"line":85,"column":69}},"type":"binary-expr","locations":[{"start":{"line":85,"column":23},"end":{"line":85,"column":61}},{"start":{"line":85,"column":65},"end":{"line":85,"column":69}}],"line":85},"7":{"loc":{"start":{"line":86,"column":18},"end":{"line":86,"column":44}},"type":"binary-expr","locations":[{"start":{"line":86,"column":18},"end":{"line":86,"column":31}},{"start":{"line":86,"column":35},"end":{"line":86,"column":44}}],"line":86},"8":{"loc":{"start":{"line":87,"column":27},"end":{"line":87,"column":66}},"type":"binary-expr","locations":[{"start":{"line":87,"column":27},"end":{"line":87,"column":58}},{"start":{"line":87,"column":62},"end":{"line":87,"column":66}}],"line":87},"9":{"loc":{"start":{"line":110,"column":4},"end":{"line":112,"column":5}},"type":"if","locations":[{"start":{"line":110,"column":4},"end":{"line":112,"column":5}},{"start":{},"end":{}}],"line":110},"10":{"loc":{"start":{"line":116,"column":4},"end":{"line":118,"column":5}},"type":"if","locations":[{"start":{"line":116,"column":4},"end":{"line":118,"column":5}},{"start":{},"end":{}}],"line":116}},"s":{"0":43,"1":43,"2":18,"3":1,"4":1,"5":17,"6":17,"7":17,"8":17,"9":1,"10":1,"11":16,"12":4,"13":16,"14":43,"15":13,"16":43,"17":6,"18":6,"19":1,"20":5,"21":5,"22":1,"23":4,"24":4,"25":43},"f":{"0":43,"1":18,"2":17,"3":4,"4":13,"5":6},"b":{"0":[1,17],"1":[1,16],"2":[16,0],"3":[4,0],"4":[4,0],"5":[4,0],"6":[4,0],"7":[4,0],"8":[4,3],"9":[1,5],"10":[1,4]},"_coverageSchema":"1a1c01bbd47fc00a2c39e90264f33305004495a9","hash":"1017975dc026d62bd2167fe7bd605917168b46bd"}
,"/root/.openclaw/workspace/TheRealTOC/src/hooks/usePlayer.ts": {"path":"/root/.openclaw/workspace/TheRealTOC/src/hooks/usePlayer.ts","statementMap":{"0":{"start":{"line":12,"column":28},"end":{"line":16,"column":4}},"1":{"start":{"line":18,"column":2},"end":{"line":54,"column":15}},"2":{"start":{"line":19,"column":4},"end":{"line":22,"column":5}},"3":{"start":{"line":20,"column":6},"end":{"line":20,"column":61}},"4":{"start":{"line":21,"column":6},"end":{"line":21,"column":13}},"5":{"start":{"line":24,"column":28},"end":{"line":51,"column":5}},"6":{"start":{"line":25,"column":6},"end":{"line":25,"column":53}},"7":{"start":{"line":25,"column":24},"end":{"line":25,"column":50}},"8":{"start":{"line":28,"column":35},"end":{"line":32,"column":17}},"9":{"start":{"line":34,"column":6},"end":{"line":37,"column":7}},"10":{"start":{"line":35,"column":8},"end":{"line":35,"column":63}},"11":{"start":{"line":36,"column":8},"end":{"line":36,"column":15}},"12":{"start":{"line":40,"column":33},"end":{"line":44,"column":17}},"13":{"start":{"line":46,"column":6},"end":{"line":50,"column":9}},"14":{"start":{"line":53,"column":4},"end":{"line":53,"column":22}},"15":{"start":{"line":56,"column":2},"end":{"line":56,"column":15}}},"fnMap":{"0":{"name":"usePlayer","decl":{"start":{"line":11,"column":16},"end":{"line":11,"column":25}},"loc":{"start":{"line":11,"column":49},"end":{"line":57,"column":1}},"line":11},"1":{"name":"(anonymous_1)","decl":{"start":{"line":18,"column":12},"end":{"line":18,"column":13}},"loc":{"start":{"line":18,"column":18},"end":{"line":54,"column":3}},"line":18},"2":{"name":"(anonymous_2)","decl":{"start":{"line":24,"column":28},"end":{"line":24,"column":29}},"loc":{"start":{"line":24,"column":40},"end":{"line":51,"column":5}},"line":24},"3":{"name":"(anonymous_3)","decl":{"start":{"line":25,"column":15},"end":{"line":25,"column":16}},"loc":{"start":{"line":25,"column":24},"end":{"line":25,"column":50}},"line":25}},"branchMap":{"0":{"loc":{"start":{"line":19,"column":4},"end":{"line":22,"column":5}},"type":"if","locations":[{"start":{"line":19,"column":4},"end":{"line":22,"column":5}},{"start":{},"end":{}}],"line":19},"1":{"loc":{"start":{"line":34,"column":6},"end":{"line":37,"column":7}},"type":"if","locations":[{"start":{"line":34,"column":6},"end":{"line":37,"column":7}},{"start":{},"end":{}}],"line":34},"2":{"loc":{"start":{"line":48,"column":14},"end":{"line":48,"column":30}},"type":"binary-expr","locations":[{"start":{"line":48,"column":14},"end":{"line":48,"column":22}},{"start":{"line":48,"column":26},"end":{"line":48,"column":30}}],"line":48}},"s":{"0":20,"1":20,"2":7,"3":1,"4":1,"5":6,"6":6,"7":6,"8":6,"9":6,"10":1,"11":1,"12":5,"13":5,"14":6,"15":20},"f":{"0":20,"1":7,"2":6,"3":6},"b":{"0":[1,6],"1":[1,5],"2":[5,1]},"_coverageSchema":"1a1c01bbd47fc00a2c39e90264f33305004495a9","hash":"351f86837a64353dd0e7aab9fb3c39fb742a50ce"}
,"/root/.openclaw/workspace/TheRealTOC/src/hooks/useTreasury.ts": {"path":"/root/.openclaw/workspace/TheRealTOC/src/hooks/useTreasury.ts","statementMap":{"0":{"start":{"line":11,"column":42},"end":{"line":11,"column":69}},"1":{"start":{"line":12,"column":28},"end":{"line":12,"column":64}},"2":{"start":{"line":13,"column":52},"end":{"line":13,"column":85}},"3":{"start":{"line":14,"column":32},"end":{"line":14,"column":46}},"4":{"start":{"line":15,"column":28},"end":{"line":15,"column":57}},"5":{"start":{"line":17,"column":28},"end":{"line":41,"column":8}},"6":{"start":{"line":18,"column":4},"end":{"line":40,"column":5}},"7":{"start":{"line":19,"column":45},"end":{"line":27,"column":21}},"8":{"start":{"line":29,"column":6},"end":{"line":29,"column":45}},"9":{"start":{"line":29,"column":25},"end":{"line":29,"column":45}},"10":{"start":{"line":31,"column":39},"end":{"line":35,"column":9}},"11":{"start":{"line":31,"column":69},"end":{"line":35,"column":7}},"12":{"start":{"line":37,"column":6},"end":{"line":37,"column":33}},"13":{"start":{"line":39,"column":6},"end":{"line":39,"column":84}},"14":{"start":{"line":43,"column":21},"end":{"line":72,"column":8}},"15":{"start":{"line":44,"column":4},"end":{"line":71,"column":5}},"16":{"start":{"line":46,"column":57},"end":{"line":47,"column":34}},"17":{"start":{"line":49,"column":6},"end":{"line":49,"column":43}},"18":{"start":{"line":49,"column":24},"end":{"line":49,"column":43}},"19":{"start":{"line":52,"column":55},"end":{"line":53,"column":32}},"20":{"start":{"line":55,"column":6},"end":{"line":55,"column":41}},"21":{"start":{"line":55,"column":23},"end":{"line":55,"column":41}},"22":{"start":{"line":58,"column":57},"end":{"line":59,"column":34}},"23":{"start":{"line":61,"column":6},"end":{"line":61,"column":43}},"24":{"start":{"line":61,"column":24},"end":{"line":61,"column":43}},"25":{"start":{"line":63,"column":6},"end":{"line":68,"column":9}},"26":{"start":{"line":70,"column":6},"end":{"line":70,"column":77}},"27":{"start":{"line":74,"column":33},"end":{"line":107,"column":8}},"28":{"start":{"line":75,"column":4},"end":{"line":106,"column":5}},"29":{"start":{"line":76,"column":45},"end":{"line":78,"column":41}},"30":{"start":{"line":80,"column":6},"end":{"line":80,"column":45}},"31":{"start":{"line":80,"column":25},"end":{"line":80,"column":45}},"32":{"start":{"line":83,"column":74},"end":{"line":83,"column":76}},"33":{"start":{"line":85,"column":6},"end":{"line":93,"column":9}},"34":{"start":{"line":86,"column":8},"end":{"line":88,"column":9}},"35":{"start":{"line":87,"column":10},"end":{"line":87,"column":57}},"36":{"start":{"line":90,"column":29},"end":{"line":90,"column":72}},"37":{"start":{"line":91,"column":8},"end":{"line":91,"column":52}},"38":{"start":{"line":92,"column":8},"end":{"line":92,"column":41}},"39":{"start":{"line":95,"column":45},"end":{"line":101,"column":7}},"40":{"start":{"line":96,"column":32},"end":{"line":100,"column":9}},"41":{"start":{"line":103,"column":6},"end":{"line":103,"column":38}},"42":{"start":{"line":105,"column":6},"end":{"line":105,"column":81}},"43":{"start":{"line":109,"column":21},"end":{"line":138,"column":61}},"44":{"start":{"line":114,"column":4},"end":{"line":137,"column":5}},"45":{"start":{"line":115,"column":39},"end":{"line":122,"column":10}},"46":{"start":{"line":124,"column":6},"end":{"line":124,"column":45}},"47":{"start":{"line":124,"column":25},"end":{"line":124,"column":45}},"48":{"start":{"line":127,"column":6},"end":{"line":127,"column":32}},"49":{"start":{"line":128,"column":6},"end":{"line":128,"column":25}},"50":{"start":{"line":129,"column":6},"end":{"line":129,"column":37}},"51":{"start":{"line":131,"column":6},"end":{"line":131,"column":31}},"52":{"start":{"line":133,"column":6},"end":{"line":136,"column":8}},"53":{"start":{"line":140,"column":18},"end":{"line":149,"column":61}},"54":{"start":{"line":141,"column":4},"end":{"line":141,"column":21}},"55":{"start":{"line":142,"column":4},"end":{"line":142,"column":19}},"56":{"start":{"line":143,"column":4},"end":{"line":147,"column":7}},"57":{"start":{"line":148,"column":4},"end":{"line":148,"column":22}},"58":{"start":{"line":151,"column":2},"end":{"line":153,"column":16}},"59":{"start":{"line":152,"column":4},"end":{"line":152,"column":14}},"60":{"start":{"line":155,"column":2},"end":{"line":163,"column":4}},"61":{"start":{"line":167,"column":32},"end":{"line":167,"column":77}},"62":{"start":{"line":168,"column":54},"end":{"line":168,"column":81}},"63":{"start":{"line":169,"column":32},"end":{"line":169,"column":46}},"64":{"start":{"line":171,"column":26},"end":{"line":212,"column":16}},"65":{"start":{"line":172,"column":4},"end":{"line":175,"column":5}},"66":{"start":{"line":173,"column":6},"end":{"line":173,"column":24}},"67":{"start":{"line":174,"column":6},"end":{"line":174,"column":13}},"68":{"start":{"line":177,"column":4},"end":{"line":211,"column":5}},"69":{"start":{"line":179,"column":36},"end":{"line":189,"column":17}},"70":{"start":{"line":191,"column":6},"end":{"line":197,"column":7}},"71":{"start":{"line":192,"column":8},"end":{"line":196,"column":11}},"72":{"start":{"line":200,"column":31},"end":{"line":204,"column":50}},"73":{"start":{"line":206,"column":6},"end":{"line":206,"column":42}},"74":{"start":{"line":208,"column":6},"end":{"line":208,"column":62}},"75":{"start":{"line":210,"column":6},"end":{"line":210,"column":24}},"76":{"start":{"line":214,"column":2},"end":{"line":216,"column":24}},"77":{"start":{"line":215,"column":4},"end":{"line":215,"column":22}},"78":{"start":{"line":218,"column":2},"end":{"line":223,"column":4}},"79":{"start":{"line":227,"column":36},"end":{"line":227,"column":74}},"80":{"start":{"line":228,"column":32},"end":{"line":228,"column":46}},"81":{"start":{"line":230,"column":19},"end":{"line":255,"column":8}},"82":{"start":{"line":231,"column":4},"end":{"line":254,"column":5}},"83":{"start":{"line":232,"column":23},"end":{"line":241,"column":56}},"84":{"start":{"line":243,"column":24},"end":{"line":247,"column":9}},"85":{"start":{"line":243,"column":54},"end":{"line":247,"column":7}},"86":{"start":{"line":249,"column":6},"end":{"line":249,"column":30}},"87":{"start":{"line":251,"column":6},"end":{"line":251,"column":59}},"88":{"start":{"line":253,"column":6},"end":{"line":253,"column":24}},"89":{"start":{"line":257,"column":2},"end":{"line":259,"column":17}},"90":{"start":{"line":258,"column":4},"end":{"line":258,"column":15}},"91":{"start":{"line":261,"column":2},"end":{"line":261,"column":51}}},"fnMap":{"0":{"name":"useTreasury","decl":{"start":{"line":10,"column":16},"end":{"line":10,"column":27}},"loc":{"start":{"line":10,"column":30},"end":{"line":164,"column":1}},"line":10},"1":{"name":"(anonymous_1)","decl":{"start":{"line":17,"column":40},"end":{"line":17,"column":41}},"loc":{"start":{"line":17,"column":62},"end":{"line":41,"column":3}},"line":17},"2":{"name":"(anonymous_2)","decl":{"start":{"line":31,"column":56},"end":{"line":31,"column":57}},"loc":{"start":{"line":31,"column":69},"end":{"line":35,"column":7}},"line":31},"3":{"name":"(anonymous_3)","decl":{"start":{"line":43,"column":33},"end":{"line":43,"column":34}},"loc":{"start":{"line":43,"column":45},"end":{"line":72,"column":3}},"line":43},"4":{"name":"(anonymous_4)","decl":{"start":{"line":74,"column":45},"end":{"line":74,"column":46}},"loc":{"start":{"line":74,"column":57},"end":{"line":107,"column":3}},"line":74},"5":{"name":"(anonymous_5)","decl":{"start":{"line":85,"column":27},"end":{"line":85,"column":28}},"loc":{"start":{"line":85,"column":39},"end":{"line":93,"column":7}},"line":85},"6":{"name":"(anonymous_6)","decl":{"start":{"line":96,"column":8},"end":{"line":96,"column":9}},"loc":{"start":{"line":96,"column":32},"end":{"line":100,"column":9}},"line":96},"7":{"name":"(anonymous_7)","decl":{"start":{"line":109,"column":33},"end":{"line":109,"column":34}},"loc":{"start":{"line":113,"column":7},"end":{"line":138,"column":3}},"line":113},"8":{"name":"(anonymous_8)","decl":{"start":{"line":140,"column":30},"end":{"line":140,"column":31}},"loc":{"start":{"line":140,"column":42},"end":{"line":149,"column":3}},"line":140},"9":{"name":"(anonymous_9)","decl":{"start":{"line":151,"column":12},"end":{"line":151,"column":13}},"loc":{"start":{"line":151,"column":18},"end":{"line":153,"column":3}},"line":151},"10":{"name":"usePlayerFinancials","decl":{"start":{"line":166,"column":16},"end":{"line":166,"column":35}},"loc":{"start":{"line":166,"column":61},"end":{"line":224,"column":1}},"line":166},"11":{"name":"(anonymous_11)","decl":{"start":{"line":171,"column":38},"end":{"line":171,"column":39}},"loc":{"start":{"line":171,"column":50},"end":{"line":212,"column":3}},"line":171},"12":{"name":"(anonymous_12)","decl":{"start":{"line":214,"column":12},"end":{"line":214,"column":13}},"loc":{"start":{"line":214,"column":18},"end":{"line":216,"column":3}},"line":214},"13":{"name":"useAllPlayerFinancials","decl":{"start":{"line":226,"column":16},"end":{"line":226,"column":38}},"loc":{"start":{"line":226,"column":41},"end":{"line":262,"column":1}},"line":226},"14":{"name":"(anonymous_14)","decl":{"start":{"line":230,"column":31},"end":{"line":230,"column":32}},"loc":{"start":{"line":230,"column":43},"end":{"line":255,"column":3}},"line":230},"15":{"name":"(anonymous_15)","decl":{"start":{"line":243,"column":41},"end":{"line":243,"column":42}},"loc":{"start":{"line":243,"column":54},"end":{"line":247,"column":7}},"line":243},"16":{"name":"(anonymous_16)","decl":{"start":{"line":257,"column":12},"end":{"line":257,"column":13}},"loc":{"start":{"line":257,"column":18},"end":{"line":259,"column":3}},"line":257}},"branchMap":{"0":{"loc":{"start":{"line":17,"column":47},"end":{"line":17,"column":57}},"type":"default-arg","locations":[{"start":{"line":17,"column":55},"end":{"line":17,"column":57}}],"line":17},"1":{"loc":{"start":{"line":29,"column":6},"end":{"line":29,"column":45}},"type":"if","locations":[{"start":{"line":29,"column":6},"end":{"line":29,"column":45}},{"start":{},"end":{}}],"line":29},"2":{"loc":{"start":{"line":31,"column":40},"end":{"line":31,"column":50}},"type":"binary-expr","locations":[{"start":{"line":31,"column":40},"end":{"line":31,"column":44}},{"start":{"line":31,"column":48},"end":{"line":31,"column":50}}],"line":31},"3":{"loc":{"start":{"line":39,"column":15},"end":{"line":39,"column":82}},"type":"cond-expr","locations":[{"start":{"line":39,"column":38},"end":{"line":39,"column":49}},{"start":{"line":39,"column":52},"end":{"line":39,"column":82}}],"line":39},"4":{"loc":{"start":{"line":49,"column":6},"end":{"line":49,"column":43}},"type":"if","locations":[{"start":{"line":49,"column":6},"end":{"line":49,"column":43}},{"start":{},"end":{}}],"line":49},"5":{"loc":{"start":{"line":55,"column":6},"end":{"line":55,"column":41}},"type":"if","locations":[{"start":{"line":55,"column":6},"end":{"line":55,"column":41}},{"start":{},"end":{}}],"line":55},"6":{"loc":{"start":{"line":61,"column":6},"end":{"line":61,"column":43}},"type":"if","locations":[{"start":{"line":61,"column":6},"end":{"line":61,"column":43}},{"start":{},"end":{}}],"line":61},"7":{"loc":{"start":{"line":64,"column":24},"end":{"line":64,"column":40}},"type":"binary-expr","locations":[{"start":{"line":64,"column":24},"end":{"line":64,"column":35}},{"start":{"line":64,"column":39},"end":{"line":64,"column":40}}],"line":64},"8":{"loc":{"start":{"line":65,"column":21},"end":{"line":65,"column":36}},"type":"binary-expr","locations":[{"start":{"line":65,"column":21},"end":{"line":65,"column":31}},{"start":{"line":65,"column":35},"end":{"line":65,"column":36}}],"line":65},"9":{"loc":{"start":{"line":66,"column":23},"end":{"line":66,"column":39}},"type":"binary-expr","locations":[{"start":{"line":66,"column":23},"end":{"line":66,"column":34}},{"start":{"line":66,"column":38},"end":{"line":66,"column":39}}],"line":66},"10":{"loc":{"start":{"line":67,"column":14},"end":{"line":67,"column":29}},"type":"binary-expr","locations":[{"start":{"line":67,"column":14},"end":{"line":67,"column":24}},{"start":{"line":67,"column":28},"end":{"line":67,"column":29}}],"line":67},"11":{"loc":{"start":{"line":67,"column":34},"end":{"line":67,"column":50}},"type":"binary-expr","locations":[{"start":{"line":67,"column":34},"end":{"line":67,"column":45}},{"start":{"line":67,"column":49},"end":{"line":67,"column":50}}],"line":67},"12":{"loc":{"start":{"line":70,"column":15},"end":{"line":70,"column":75}},"type":"cond-expr","locations":[{"start":{"line":70,"column":38},"end":{"line":70,"column":49}},{"start":{"line":70,"column":52},"end":{"line":70,"column":75}}],"line":70},"13":{"loc":{"start":{"line":80,"column":6},"end":{"line":80,"column":45}},"type":"if","locations":[{"start":{"line":80,"column":6},"end":{"line":80,"column":45}},{"start":{},"end":{}}],"line":80},"14":{"loc":{"start":{"line":85,"column":7},"end":{"line":85,"column":17}},"type":"binary-expr","locations":[{"start":{"line":85,"column":7},"end":{"line":85,"column":11}},{"start":{"line":85,"column":15},"end":{"line":85,"column":17}}],"line":85},"15":{"loc":{"start":{"line":86,"column":8},"end":{"line":88,"column":9}},"type":"if","locations":[{"start":{"line":86,"column":8},"end":{"line":88,"column":9}},{"start":{},"end":{}}],"line":86},"16":{"loc":{"start":{"line":90,"column":29},"end":{"line":90,"column":72}},"type":"cond-expr","locations":[{"start":{"line":90,"column":52},"end":{"line":90,"column":61}},{"start":{"line":90,"column":64},"end":{"line":90,"column":72}}],"line":90},"17":{"loc":{"start":{"line":105,"column":15},"end":{"line":105,"column":79}},"type":"cond-expr","locations":[{"start":{"line":105,"column":38},"end":{"line":105,"column":49}},{"start":{"line":105,"column":52},"end":{"line":105,"column":79}}],"line":105},"18":{"loc":{"start":{"line":124,"column":6},"end":{"line":124,"column":45}},"type":"if","locations":[{"start":{"line":124,"column":6},"end":{"line":124,"column":45}},{"start":{},"end":{}}],"line":124},"19":{"loc":{"start":{"line":135,"column":15},"end":{"line":135,"column":75}},"type":"cond-expr","locations":[{"start":{"line":135,"column":38},"end":{"line":135,"column":49}},{"start":{"line":135,"column":52},"end":{"line":135,"column":75}}],"line":135},"20":{"loc":{"start":{"line":172,"column":4},"end":{"line":175,"column":5}},"type":"if","locations":[{"start":{"line":172,"column":4},"end":{"line":175,"column":5}},{"start":{},"end":{}}],"line":172},"21":{"loc":{"start":{"line":191,"column":6},"end":{"line":197,"column":7}},"type":"if","locations":[{"start":{"line":191,"column":6},"end":{"line":197,"column":7}},{"start":{},"end":{}}],"line":191},"22":{"loc":{"start":{"line":206,"column":28},"end":{"line":206,"column":40}},"type":"binary-expr","locations":[{"start":{"line":206,"column":28},"end":{"line":206,"column":34}},{"start":{"line":206,"column":38},"end":{"line":206,"column":40}}],"line":206},"23":{"loc":{"start":{"line":243,"column":25},"end":{"line":243,"column":35}},"type":"binary-expr","locations":[{"start":{"line":243,"column":25},"end":{"line":243,"column":29}},{"start":{"line":243,"column":33},"end":{"line":243,"column":35}}],"line":243}},"s":{"0":19,"1":19,"2":19,"3":19,"4":19,"5":19,"6":10,"7":10,"8":8,"9":0,"10":8,"11":1,"12":8,"13":2,"14":19,"15":10,"16":10,"17":9,"18":0,"19":9,"20":9,"21":0,"22":9,"23":9,"24":0,"25":9,"26":1,"27":19,"28":10,"29":10,"30":10,"31":0,"32":10,"33":10,"34":3,"35":2,"36":3,"37":3,"38":3,"39":10,"40":2,"41":10,"42":0,"43":19,"44":2,"45":2,"46":2,"47":1,"48":1,"49":1,"50":1,"51":1,"52":1,"53":19,"54":9,"55":9,"56":9,"57":9,"58":19,"59":8,"60":19,"61":6,"62":6,"63":6,"64":6,"65":3,"66":1,"67":1,"68":2,"69":2,"70":2,"71":2,"72":2,"73":2,"74":0,"75":2,"76":6,"77":3,"78":6,"79":4,"80":4,"81":4,"82":2,"83":2,"84":2,"85":4,"86":2,"87":0,"88":2,"89":4,"90":2,"91":4},"f":{"0":19,"1":10,"2":1,"3":10,"4":10,"5":3,"6":2,"7":2,"8":9,"9":8,"10":6,"11":3,"12":3,"13":4,"14":2,"15":4,"16":2},"b":{"0":[10],"1":[0,8],"2":[8,0],"3":[1,1],"4":[0,9],"5":[0,9],"6":[0,9],"7":[9,1],"8":[9,1],"9":[9,1],"10":[9,1],"11":[9,1],"12":[1,0],"13":[0,10],"14":[10,9],"15":[2,1],"16":[1,2],"17":[0,0],"18":[1,1],"19":[0,1],"20":[1,2],"21":[2,0],"22":[2,1],"23":[2,0]},"_coverageSchema":"1a1c01bbd47fc00a2c39e90264f33305004495a9","hash":"0b3fd3752c94e2e29f24525e8e61e9e4aa390e92"}
,"/root/.openclaw/workspace/TheRealTOC/src/hooks/useVenues.ts": {"path":"/root/.openclaw/workspace/TheRealTOC/src/hooks/useVenues.ts","statementMap":{"0":{"start":{"line":12,"column":28},"end":{"line":16,"column":4}},"1":{"start":{"line":18,"column":2},"end":{"line":34,"column":9}},"2":{"start":{"line":19,"column":24},"end":{"line":31,"column":5}},"3":{"start":{"line":20,"column":30},"end":{"line":23,"column":22}},"4":{"start":{"line":25,"column":6},"end":{"line":28,"column":7}},"5":{"start":{"line":26,"column":8},"end":{"line":26,"column":71}},"6":{"start":{"line":27,"column":8},"end":{"line":27,"column":15}},"7":{"start":{"line":30,"column":6},"end":{"line":30,"column":68}},"8":{"start":{"line":33,"column":4},"end":{"line":33,"column":18}},"9":{"start":{"line":36,"column":2},"end":{"line":36,"column":15}}},"fnMap":{"0":{"name":"useVenues","decl":{"start":{"line":11,"column":16},"end":{"line":11,"column":25}},"loc":{"start":{"line":11,"column":28},"end":{"line":37,"column":1}},"line":11},"1":{"name":"(anonymous_1)","decl":{"start":{"line":18,"column":12},"end":{"line":18,"column":13}},"loc":{"start":{"line":18,"column":18},"end":{"line":34,"column":3}},"line":18},"2":{"name":"(anonymous_2)","decl":{"start":{"line":19,"column":24},"end":{"line":19,"column":25}},"loc":{"start":{"line":19,"column":36},"end":{"line":31,"column":5}},"line":19}},"branchMap":{"0":{"loc":{"start":{"line":25,"column":6},"end":{"line":28,"column":7}},"type":"if","locations":[{"start":{"line":25,"column":6},"end":{"line":28,"column":7}},{"start":{},"end":{}}],"line":25},"1":{"loc":{"start":{"line":30,"column":25},"end":{"line":30,"column":35}},"type":"binary-expr","locations":[{"start":{"line":30,"column":25},"end":{"line":30,"column":29}},{"start":{"line":30,"column":33},"end":{"line":30,"column":35}}],"line":30}},"s":{"0":12,"1":12,"2":6,"3":6,"4":6,"5":1,"6":1,"7":5,"8":6,"9":12},"f":{"0":12,"1":6,"2":6},"b":{"0":[1,5],"1":[5,1]},"_coverageSchema":"1a1c01bbd47fc00a2c39e90264f33305004495a9","hash":"8f64f4b349bc14667d51e85a3ac2cb282f189226"}
,"/root/.openclaw/workspace/TheRealTOC/src/lib/challenge.ts": {"path":"/root/.openclaw/workspace/TheRealTOC/src/lib/challenge.ts","statementMap":{"0":{"start":{"line":4,"column":37},"end":{"line":13,"column":2}},"1":{"start":{"line":33,"column":2},"end":{"line":35,"column":3}},"2":{"start":{"line":34,"column":4},"end":{"line":34,"column":64}},"3":{"start":{"line":38,"column":2},"end":{"line":40,"column":3}},"4":{"start":{"line":39,"column":4},"end":{"line":39,"column":79}},"5":{"start":{"line":42,"column":2},"end":{"line":44,"column":3}},"6":{"start":{"line":43,"column":4},"end":{"line":43,"column":79}},"7":{"start":{"line":47,"column":19},"end":{"line":47,"column":76}},"8":{"start":{"line":48,"column":2},"end":{"line":53,"column":3}},"9":{"start":{"line":49,"column":4},"end":{"line":52,"column":6}},"10":{"start":{"line":55,"column":2},"end":{"line":55,"column":25}}},"fnMap":{"0":{"name":"validateChallengeContext","decl":{"start":{"line":28,"column":16},"end":{"line":28,"column":40}},"loc":{"start":{"line":31,"column":29},"end":{"line":56,"column":1}},"line":31}},"branchMap":{"0":{"loc":{"start":{"line":33,"column":2},"end":{"line":35,"column":3}},"type":"if","locations":[{"start":{"line":33,"column":2},"end":{"line":35,"column":3}},{"start":{},"end":{}}],"line":33},"1":{"loc":{"start":{"line":38,"column":2},"end":{"line":40,"column":3}},"type":"if","locations":[{"start":{"line":38,"column":2},"end":{"line":40,"column":3}},{"start":{},"end":{}}],"line":38},"2":{"loc":{"start":{"line":42,"column":2},"end":{"line":44,"column":3}},"type":"if","locations":[{"start":{"line":42,"column":2},"end":{"line":44,"column":3}},{"start":{},"end":{}}],"line":42},"3":{"loc":{"start":{"line":48,"column":2},"end":{"line":53,"column":3}},"type":"if","locations":[{"start":{"line":48,"column":2},"end":{"line":53,"column":3}},{"start":{},"end":{}}],"line":48}},"s":{"0":1,"1":6,"2":1,"3":5,"4":1,"5":4,"6":1,"7":3,"8":3,"9":1,"10":2},"f":{"0":6},"b":{"0":[1,5],"1":[1,4],"2":[1,3],"3":[1,2]},"_coverageSchema":"1a1c01bbd47fc00a2c39e90264f33305004495a9","hash":"950150faf49936bcaf3656c1ac554f44613167a6"}
,"/root/.openclaw/workspace/TheRealTOC/src/lib/constants.ts": {"path":"/root/.openclaw/workspace/TheRealTOC/src/lib/constants.ts","statementMap":{"0":{"start":{"line":1,"column":24},"end":{"line":1,"column":25}},"1":{"start":{"line":2,"column":29},"end":{"line":2,"column":30}},"2":{"start":{"line":4,"column":27},"end":{"line":8,"column":10}},"3":{"start":{"line":10,"column":22},"end":{"line":13,"column":10}},"4":{"start":{"line":18,"column":34},"end":{"line":27,"column":10}},"5":{"start":{"line":29,"column":30},"end":{"line":35,"column":10}}},"fnMap":{},"branchMap":{},"s":{"0":4,"1":4,"2":4,"3":4,"4":4,"5":4},"f":{},"b":{},"_coverageSchema":"1a1c01bbd47fc00a2c39e90264f33305004495a9","hash":"963b76dd0af0c986d7e553f88af8d6bfaae30b68"}
,"/root/.openclaw/workspace/TheRealTOC/src/lib/match.ts": {"path":"/root/.openclaw/workspace/TheRealTOC/src/lib/match.ts","statementMap":{"0":{"start":{"line":23,"column":2},"end":{"line":25,"column":3}},"1":{"start":{"line":24,"column":4},"end":{"line":24,"column":86}},"2":{"start":{"line":26,"column":2},"end":{"line":28,"column":3}},"3":{"start":{"line":27,"column":4},"end":{"line":27,"column":86}},"4":{"start":{"line":30,"column":24},"end":{"line":30,"column":50}},"5":{"start":{"line":31,"column":24},"end":{"line":31,"column":50}},"6":{"start":{"line":34,"column":2},"end":{"line":36,"column":3}},"7":{"start":{"line":35,"column":4},"end":{"line":35,"column":62}},"8":{"start":{"line":37,"column":2},"end":{"line":39,"column":3}},"9":{"start":{"line":38,"column":4},"end":{"line":38,"column":83}},"10":{"start":{"line":42,"column":2},"end":{"line":52,"column":3}},"11":{"start":{"line":43,"column":4},"end":{"line":45,"column":5}},"12":{"start":{"line":44,"column":6},"end":{"line":44,"column":88}},"13":{"start":{"line":46,"column":4},"end":{"line":46,"column":51}},"14":{"start":{"line":48,"column":4},"end":{"line":50,"column":5}},"15":{"start":{"line":49,"column":6},"end":{"line":49,"column":88}},"16":{"start":{"line":51,"column":4},"end":{"line":51,"column":51}},"17":{"start":{"line":67,"column":2},"end":{"line":70,"column":4}}},"fnMap":{"0":{"name":"validateMatchScore","decl":{"start":{"line":17,"column":16},"end":{"line":17,"column":34}},"loc":{"start":{"line":21,"column":25},"end":{"line":53,"column":1}},"line":21},"1":{"name":"scoresMatch","decl":{"start":{"line":60,"column":16},"end":{"line":60,"column":27}},"loc":{"start":{"line":63,"column":11},"end":{"line":71,"column":1}},"line":63}},"branchMap":{"0":{"loc":{"start":{"line":23,"column":2},"end":{"line":25,"column":3}},"type":"if","locations":[{"start":{"line":23,"column":2},"end":{"line":25,"column":3}},{"start":{},"end":{}}],"line":23},"1":{"loc":{"start":{"line":23,"column":6},"end":{"line":23,"column":63}},"type":"binary-expr","locations":[{"start":{"line":23,"column":6},"end":{"line":23,"column":40}},{"start":{"line":23,"column":44},"end":{"line":23,"column":63}}],"line":23},"2":{"loc":{"start":{"line":26,"column":2},"end":{"line":28,"column":3}},"type":"if","locations":[{"start":{"line":26,"column":2},"end":{"line":28,"column":3}},{"start":{},"end":{}}],"line":26},"3":{"loc":{"start":{"line":26,"column":6},"end":{"line":26,"column":63}},"type":"binary-expr","locations":[{"start":{"line":26,"column":6},"end":{"line":26,"column":40}},{"start":{"line":26,"column":44},"end":{"line":26,"column":63}}],"line":26},"4":{"loc":{"start":{"line":34,"column":2},"end":{"line":36,"column":3}},"type":"if","locations":[{"start":{"line":34,"column":2},"end":{"line":36,"column":3}},{"start":{},"end":{}}],"line":34},"5":{"loc":{"start":{"line":34,"column":6},"end":{"line":34,"column":36}},"type":"binary-expr","locations":[{"start":{"line":34,"column":6},"end":{"line":34,"column":19}},{"start":{"line":34,"column":23},"end":{"line":34,"column":36}}],"line":34},"6":{"loc":{"start":{"line":37,"column":2},"end":{"line":39,"column":3}},"type":"if","locations":[{"start":{"line":37,"column":2},"end":{"line":39,"column":3}},{"start":{},"end":{}}],"line":37},"7":{"loc":{"start":{"line":37,"column":6},"end":{"line":37,"column":38}},"type":"binary-expr","locations":[{"start":{"line":37,"column":6},"end":{"line":37,"column":20}},{"start":{"line":37,"column":24},"end":{"line":37,"column":38}}],"line":37},"8":{"loc":{"start":{"line":42,"column":2},"end":{"line":52,"column":3}},"type":"if","locations":[{"start":{"line":42,"column":2},"end":{"line":52,"column":3}},{"start":{"line":47,"column":9},"end":{"line":52,"column":3}}],"line":42},"9":{"loc":{"start":{"line":43,"column":4},"end":{"line":45,"column":5}},"type":"if","locations":[{"start":{"line":43,"column":4},"end":{"line":45,"column":5}},{"start":{},"end":{}}],"line":43},"10":{"loc":{"start":{"line":43,"column":8},"end":{"line":43,"column":56}},"type":"binary-expr","locations":[{"start":{"line":43,"column":8},"end":{"line":43,"column":27}},{"start":{"line":43,"column":31},"end":{"line":43,"column":56}}],"line":43},"11":{"loc":{"start":{"line":48,"column":4},"end":{"line":50,"column":5}},"type":"if","locations":[{"start":{"line":48,"column":4},"end":{"line":50,"column":5}},{"start":{},"end":{}}],"line":48},"12":{"loc":{"start":{"line":48,"column":8},"end":{"line":48,"column":56}},"type":"binary-expr","locations":[{"start":{"line":48,"column":8},"end":{"line":48,"column":27}},{"start":{"line":48,"column":31},"end":{"line":48,"column":56}}],"line":48},"13":{"loc":{"start":{"line":68,"column":4},"end":{"line":69,"column":71}},"type":"binary-expr","locations":[{"start":{"line":68,"column":4},"end":{"line":68,"column":71}},{"start":{"line":69,"column":4},"end":{"line":69,"column":71}}],"line":68}},"s":{"0":10,"1":2,"2":8,"3":0,"4":8,"5":8,"6":8,"7":2,"8":6,"9":1,"10":5,"11":3,"12":0,"13":3,"14":2,"15":0,"16":2,"17":4},"f":{"0":10,"1":4},"b":{"0":[2,8],"1":[10,9],"2":[0,8],"3":[8,8],"4":[2,6],"5":[8,5],"6":[1,5],"7":[6,3],"8":[3,2],"9":[0,3],"10":[3,3],"11":[0,2],"12":[2,2],"13":[4,3]},"_coverageSchema":"1a1c01bbd47fc00a2c39e90264f33305004495a9","hash":"7969b1d390b08e7f30c513ba50d7e91c3ad21657"}
,"/root/.openclaw/workspace/TheRealTOC/src/lib/ranking.ts": {"path":"/root/.openclaw/workspace/TheRealTOC/src/lib/ranking.ts","statementMap":{"0":{"start":{"line":21,"column":2},"end":{"line":21,"column":38}},"1":{"start":{"line":21,"column":26},"end":{"line":21,"column":38}},"2":{"start":{"line":24,"column":17},"end":{"line":24,"column":77}},"3":{"start":{"line":24,"column":43},"end":{"line":24,"column":76}},"4":{"start":{"line":27,"column":2},"end":{"line":32,"column":3}},"5":{"start":{"line":27,"column":15},"end":{"line":27,"column":16}},"6":{"start":{"line":28,"column":21},"end":{"line":28,"column":26}},"7":{"start":{"line":29,"column":4},"end":{"line":31,"column":5}},"8":{"start":{"line":30,"column":6},"end":{"line":30,"column":19}},"9":{"start":{"line":35,"column":20},"end":{"line":35,"column":56}},"10":{"start":{"line":35,"column":43},"end":{"line":35,"column":54}},"11":{"start":{"line":36,"column":2},"end":{"line":38,"column":3}},"12":{"start":{"line":37,"column":4},"end":{"line":37,"column":17}},"13":{"start":{"line":40,"column":2},"end":{"line":40,"column":14}},"14":{"start":{"line":51,"column":15},"end":{"line":51,"column":56}},"15":{"start":{"line":52,"column":2},"end":{"line":52,"column":43}},"16":{"start":{"line":66,"column":2},"end":{"line":69,"column":3}},"17":{"start":{"line":68,"column":4},"end":{"line":68,"column":17}},"18":{"start":{"line":71,"column":21},"end":{"line":71,"column":72}},"19":{"start":{"line":71,"column":37},"end":{"line":71,"column":71}},"20":{"start":{"line":72,"column":19},"end":{"line":72,"column":68}},"21":{"start":{"line":72,"column":35},"end":{"line":72,"column":67}},"22":{"start":{"line":74,"column":2},"end":{"line":76,"column":3}},"23":{"start":{"line":75,"column":4},"end":{"line":75,"column":65}},"24":{"start":{"line":78,"column":2},"end":{"line":81,"column":3}},"25":{"start":{"line":80,"column":4},"end":{"line":80,"column":17}},"26":{"start":{"line":83,"column":27},"end":{"line":83,"column":49}},"27":{"start":{"line":84,"column":29},"end":{"line":84,"column":53}},"28":{"start":{"line":86,"column":2},"end":{"line":98,"column":5}},"29":{"start":{"line":87,"column":4},"end":{"line":96,"column":5}},"30":{"start":{"line":89,"column":6},"end":{"line":89,"column":58}},"31":{"start":{"line":90,"column":11},"end":{"line":96,"column":5}},"32":{"start":{"line":95,"column":6},"end":{"line":95,"column":64}},"33":{"start":{"line":97,"column":4},"end":{"line":97,"column":16}}},"fnMap":{"0":{"name":"validateRankingInvariant","decl":{"start":{"line":20,"column":16},"end":{"line":20,"column":40}},"loc":{"start":{"line":20,"column":70},"end":{"line":41,"column":1}},"line":20},"1":{"name":"(anonymous_1)","decl":{"start":{"line":24,"column":33},"end":{"line":24,"column":34}},"loc":{"start":{"line":24,"column":43},"end":{"line":24,"column":76}},"line":24},"2":{"name":"(anonymous_2)","decl":{"start":{"line":35,"column":38},"end":{"line":35,"column":39}},"loc":{"start":{"line":35,"column":43},"end":{"line":35,"column":54}},"line":35},"3":{"name":"isValidChallengeRankDiff","decl":{"start":{"line":47,"column":16},"end":{"line":47,"column":40}},"loc":{"start":{"line":50,"column":11},"end":{"line":53,"column":1}},"line":50},"4":{"name":"calculateRankShift","decl":{"start":{"line":60,"column":16},"end":{"line":60,"column":34}},"loc":{"start":{"line":65,"column":15},"end":{"line":99,"column":1}},"line":65},"5":{"name":"(anonymous_5)","decl":{"start":{"line":71,"column":32},"end":{"line":71,"column":33}},"loc":{"start":{"line":71,"column":37},"end":{"line":71,"column":71}},"line":71},"6":{"name":"(anonymous_6)","decl":{"start":{"line":72,"column":30},"end":{"line":72,"column":31}},"loc":{"start":{"line":72,"column":35},"end":{"line":72,"column":67}},"line":72},"7":{"name":"(anonymous_7)","decl":{"start":{"line":86,"column":19},"end":{"line":86,"column":20}},"loc":{"start":{"line":86,"column":27},"end":{"line":98,"column":3}},"line":86}},"branchMap":{"0":{"loc":{"start":{"line":21,"column":2},"end":{"line":21,"column":38}},"type":"if","locations":[{"start":{"line":21,"column":2},"end":{"line":21,"column":38}},{"start":{},"end":{}}],"line":21},"1":{"loc":{"start":{"line":29,"column":4},"end":{"line":31,"column":5}},"type":"if","locations":[{"start":{"line":29,"column":4},"end":{"line":31,"column":5}},{"start":{},"end":{}}],"line":29},"2":{"loc":{"start":{"line":36,"column":2},"end":{"line":38,"column":3}},"type":"if","locations":[{"start":{"line":36,"column":2},"end":{"line":38,"column":3}},{"start":{},"end":{}}],"line":36},"3":{"loc":{"start":{"line":52,"column":9},"end":{"line":52,"column":42}},"type":"binary-expr","locations":[{"start":{"line":52,"column":9},"end":{"line":52,"column":30}},{"start":{"line":52,"column":34},"end":{"line":52,"column":42}}],"line":52},"4":{"loc":{"start":{"line":66,"column":2},"end":{"line":69,"column":3}},"type":"if","locations":[{"start":{"line":66,"column":2},"end":{"line":69,"column":3}},{"start":{},"end":{}}],"line":66},"5":{"loc":{"start":{"line":74,"column":2},"end":{"line":76,"column":3}},"type":"if","locations":[{"start":{"line":74,"column":2},"end":{"line":76,"column":3}},{"start":{},"end":{}}],"line":74},"6":{"loc":{"start":{"line":74,"column":6},"end":{"line":74,"column":30}},"type":"binary-expr","locations":[{"start":{"line":74,"column":6},"end":{"line":74,"column":17}},{"start":{"line":74,"column":21},"end":{"line":74,"column":30}}],"line":74},"7":{"loc":{"start":{"line":78,"column":2},"end":{"line":81,"column":3}},"type":"if","locations":[{"start":{"line":78,"column":2},"end":{"line":81,"column":3}},{"start":{},"end":{}}],"line":78},"8":{"loc":{"start":{"line":87,"column":4},"end":{"line":96,"column":5}},"type":"if","locations":[{"start":{"line":87,"column":4},"end":{"line":96,"column":5}},{"start":{"line":90,"column":11},"end":{"line":96,"column":5}}],"line":87},"9":{"loc":{"start":{"line":90,"column":11},"end":{"line":96,"column":5}},"type":"if","locations":[{"start":{"line":90,"column":11},"end":{"line":96,"column":5}},{"start":{},"end":{}}],"line":90},"10":{"loc":{"start":{"line":91,"column":6},"end":{"line":92,"column":45}},"type":"binary-expr","locations":[{"start":{"line":91,"column":6},"end":{"line":91,"column":44}},{"start":{"line":92,"column":6},"end":{"line":92,"column":45}}],"line":91}},"s":{"0":9,"1":1,"2":8,"3":25,"4":8,"5":8,"6":23,"7":23,"8":3,"9":5,"10":18,"11":5,"12":1,"13":4,"14":7,"15":7,"16":6,"17":1,"18":5,"19":20,"20":5,"21":12,"22":5,"23":1,"24":4,"25":1,"26":3,"27":3,"28":3,"29":15,"30":3,"31":12,"32":7,"33":5},"f":{"0":9,"1":25,"2":18,"3":7,"4":6,"5":20,"6":12,"7":15},"b":{"0":[1,8],"1":[3,20],"2":[1,4],"3":[7,5],"4":[1,5],"5":[1,4],"6":[5,4],"7":[1,3],"8":[3,12],"9":[7,5],"10":[12,9]},"_coverageSchema":"1a1c01bbd47fc00a2c39e90264f33305004495a9","hash":"c9fc55242402e763f6d22fa148f0942a438a9ad3"}
}
