TN:
SF:src/hooks/useChallenges.ts
FN:20,useChallenges
FN:27,(anonymous_1)
FN:33,(anonymous_2)
FN:59,(anonymous_3)
FN:81,(anonymous_4)
FN:85,(anonymous_5)
FN:110,(anonymous_6)
FN:131,(anonymous_7)
FN:152,(anonymous_8)
FN:177,(anonymous_9)
FNF:10
FNH:10
FNDA:80,useChallenges
FNDA:35,(anonymous_1)
FNDA:34,(anonymous_2)
FNDA:3,(anonymous_3)
FNDA:23,(anonymous_4)
FNDA:8,(anonymous_5)
FNDA:3,(anonymous_6)
FNDA:2,(anonymous_7)
FNDA:3,(anonymous_8)
FNDA:2,(anonymous_9)
DA:21,80
DA:27,80
DA:28,35
DA:29,1
DA:30,1
DA:33,34
DA:35,34
DA:54,34
DA:55,1
DA:56,1
DA:59,33
DA:78,33
DA:81,80
DA:82,23
DA:85,80
DA:90,8
DA:96,8
DA:97,1
DA:100,7
DA:102,7
DA:103,5
DA:106,2
DA:107,2
DA:110,80
DA:113,3
DA:117,3
DA:118,0
DA:121,3
DA:123,3
DA:124,1
DA:127,2
DA:128,2
DA:131,80
DA:134,2
DA:138,2
DA:139,0
DA:142,2
DA:144,2
DA:145,0
DA:148,2
DA:149,2
DA:152,80
DA:157,3
DA:163,3
DA:164,0
DA:167,3
DA:169,3
DA:170,0
DA:173,3
DA:174,3
DA:177,80
DA:180,2
DA:184,2
DA:185,0
DA:188,2
DA:190,2
DA:191,0
DA:194,2
DA:195,2
DA:198,80
LF:60
LH:53
BRDA:28,0,0,1
BRDA:28,0,1,34
BRDA:54,1,0,1
BRDA:54,1,1,33
BRDA:59,2,0,33
BRDA:59,2,1,0
BRDA:71,3,0,3
BRDA:71,3,1,0
BRDA:72,4,0,3
BRDA:72,4,1,0
BRDA:73,5,0,3
BRDA:73,5,1,0
BRDA:74,6,0,3
BRDA:74,6,1,0
BRDA:75,7,0,3
BRDA:75,7,1,3
BRDA:96,8,0,1
BRDA:96,8,1,7
BRDA:102,9,0,5
BRDA:102,9,1,2
BRDA:117,10,0,0
BRDA:117,10,1,3
BRDA:123,11,0,1
BRDA:123,11,1,2
BRDA:138,12,0,0
BRDA:138,12,1,2
BRDA:144,13,0,0
BRDA:144,13,1,2
BRDA:163,14,0,0
BRDA:163,14,1,3
BRDA:169,15,0,0
BRDA:169,15,1,3
BRDA:184,16,0,0
BRDA:184,16,1,2
BRDA:190,17,0,0
BRDA:190,17,1,2
BRF:36
BRH:24
end_of_record
TN:
SF:src/hooks/useMatches.ts
FN:20,useMatches
FN:27,(anonymous_1)
FN:33,(anonymous_2)
FN:62,(anonymous_3)
FN:93,(anonymous_4)
FN:97,(anonymous_5)
FNF:6
FNH:6
FNDA:43,useMatches
FNDA:18,(anonymous_1)
FNDA:17,(anonymous_2)
FNDA:4,(anonymous_3)
FNDA:13,(anonymous_4)
FNDA:6,(anonymous_5)
DA:21,43
DA:27,43
DA:28,18
DA:29,1
DA:30,1
DA:33,17
DA:35,17
DA:57,17
DA:58,1
DA:59,1
DA:62,16
DA:90,16
DA:93,43
DA:94,13
DA:97,43
DA:103,6
DA:110,6
DA:111,1
DA:114,5
DA:116,5
DA:117,1
DA:120,4
DA:121,4
DA:124,43
LF:24
LH:24
BRDA:28,0,0,1
BRDA:28,0,1,17
BRDA:57,1,0,1
BRDA:57,1,1,16
BRDA:62,2,0,16
BRDA:62,2,1,0
BRDA:82,3,0,4
BRDA:82,3,1,0
BRDA:83,4,0,4
BRDA:83,4,1,0
BRDA:84,5,0,4
BRDA:84,5,1,0
BRDA:85,6,0,4
BRDA:85,6,1,0
BRDA:86,7,0,4
BRDA:86,7,1,0
BRDA:87,8,0,4
BRDA:87,8,1,3
BRDA:110,9,0,1
BRDA:110,9,1,5
BRDA:116,10,0,1
BRDA:116,10,1,4
BRF:22
BRH:16
end_of_record
TN:
SF:src/hooks/usePlayer.ts
FN:11,usePlayer
FN:18,(anonymous_1)
FN:24,(anonymous_2)
FN:25,(anonymous_3)
FNF:4
FNH:4
FNDA:20,usePlayer
FNDA:7,(anonymous_1)
FNDA:6,(anonymous_2)
FNDA:6,(anonymous_3)
DA:12,20
DA:18,20
DA:19,7
DA:20,1
DA:21,1
DA:24,6
DA:25,6
DA:28,6
DA:34,6
DA:35,1
DA:36,1
DA:40,5
DA:46,5
DA:53,6
DA:56,20
LF:15
LH:15
BRDA:19,0,0,1
BRDA:19,0,1,6
BRDA:34,1,0,1
BRDA:34,1,1,5
BRDA:48,2,0,5
BRDA:48,2,1,1
BRF:6
BRH:6
end_of_record
TN:
SF:src/hooks/useTreasury.ts
FN:10,useTreasury
FN:17,(anonymous_1)
FN:31,(anonymous_2)
FN:43,(anonymous_3)
FN:74,(anonymous_4)
FN:85,(anonymous_5)
FN:96,(anonymous_6)
FN:109,(anonymous_7)
FN:140,(anonymous_8)
FN:151,(anonymous_9)
FN:166,usePlayerFinancials
FN:171,(anonymous_11)
FN:214,(anonymous_12)
FN:226,useAllPlayerFinancials
FN:230,(anonymous_14)
FN:243,(anonymous_15)
FN:257,(anonymous_16)
FNF:17
FNH:17
FNDA:19,useTreasury
FNDA:10,(anonymous_1)
FNDA:1,(anonymous_2)
FNDA:10,(anonymous_3)
FNDA:10,(anonymous_4)
FNDA:3,(anonymous_5)
FNDA:2,(anonymous_6)
FNDA:2,(anonymous_7)
FNDA:9,(anonymous_8)
FNDA:8,(anonymous_9)
FNDA:6,usePlayerFinancials
FNDA:3,(anonymous_11)
FNDA:3,(anonymous_12)
FNDA:4,useAllPlayerFinancials
FNDA:2,(anonymous_14)
FNDA:4,(anonymous_15)
FNDA:2,(anonymous_16)
DA:11,19
DA:12,19
DA:13,19
DA:14,19
DA:15,19
DA:17,19
DA:18,10
DA:19,10
DA:29,8
DA:31,8
DA:37,8
DA:39,2
DA:43,19
DA:44,10
DA:46,10
DA:49,9
DA:52,9
DA:55,9
DA:58,9
DA:61,9
DA:63,9
DA:70,1
DA:74,19
DA:75,10
DA:76,10
DA:80,10
DA:83,10
DA:85,10
DA:86,3
DA:87,2
DA:90,3
DA:91,3
DA:92,3
DA:95,10
DA:96,2
DA:103,10
DA:105,0
DA:109,19
DA:114,2
DA:115,2
DA:124,2
DA:127,1
DA:128,1
DA:129,1
DA:131,1
DA:133,1
DA:140,19
DA:141,9
DA:142,9
DA:143,9
DA:148,9
DA:151,19
DA:152,8
DA:155,19
DA:167,6
DA:168,6
DA:169,6
DA:171,6
DA:172,3
DA:173,1
DA:174,1
DA:177,2
DA:179,2
DA:191,2
DA:192,2
DA:200,2
DA:206,2
DA:208,0
DA:210,2
DA:214,6
DA:215,3
DA:218,6
DA:227,4
DA:228,4
DA:230,4
DA:231,2
DA:232,2
DA:243,4
DA:249,2
DA:251,0
DA:253,2
DA:257,4
DA:258,2
DA:261,4
LF:84
LH:81
BRDA:17,0,0,10
BRDA:29,1,0,0
BRDA:29,1,1,8
BRDA:31,2,0,8
BRDA:31,2,1,0
BRDA:39,3,0,1
BRDA:39,3,1,1
BRDA:49,4,0,0
BRDA:49,4,1,9
BRDA:55,5,0,0
BRDA:55,5,1,9
BRDA:61,6,0,0
BRDA:61,6,1,9
BRDA:64,7,0,9
BRDA:64,7,1,1
BRDA:65,8,0,9
BRDA:65,8,1,1
BRDA:66,9,0,9
BRDA:66,9,1,1
BRDA:67,10,0,9
BRDA:67,10,1,1
BRDA:67,11,0,9
BRDA:67,11,1,1
BRDA:70,12,0,1
BRDA:70,12,1,0
BRDA:80,13,0,0
BRDA:80,13,1,10
BRDA:85,14,0,10
BRDA:85,14,1,9
BRDA:86,15,0,2
BRDA:86,15,1,1
BRDA:90,16,0,1
BRDA:90,16,1,2
BRDA:105,17,0,0
BRDA:105,17,1,0
BRDA:124,18,0,1
BRDA:124,18,1,1
BRDA:135,19,0,0
BRDA:135,19,1,1
BRDA:172,20,0,1
BRDA:172,20,1,2
BRDA:191,21,0,2
BRDA:191,21,1,0
BRDA:206,22,0,2
BRDA:206,22,1,1
BRDA:243,23,0,2
BRDA:243,23,1,0
BRF:47
BRH:35
end_of_record
TN:
SF:src/hooks/useVenues.ts
FN:11,useVenues
FN:18,(anonymous_1)
FN:19,(anonymous_2)
FNF:3
FNH:3
FNDA:12,useVenues
FNDA:6,(anonymous_1)
FNDA:6,(anonymous_2)
DA:12,12
DA:18,12
DA:19,6
DA:20,6
DA:25,6
DA:26,1
DA:27,1
DA:30,5
DA:33,6
DA:36,12
LF:10
LH:10
BRDA:25,0,0,1
BRDA:25,0,1,5
BRDA:30,1,0,5
BRDA:30,1,1,1
BRF:4
BRH:4
end_of_record
TN:
SF:src/lib/challenge.ts
FN:28,validateChallengeContext
FNF:1
FNH:1
FNDA:6,validateChallengeContext
DA:4,1
DA:33,6
DA:34,1
DA:38,5
DA:39,1
DA:42,4
DA:43,1
DA:47,3
DA:48,3
DA:49,1
DA:55,2
LF:11
LH:11
BRDA:33,0,0,1
BRDA:33,0,1,5
BRDA:38,1,0,1
BRDA:38,1,1,4
BRDA:42,2,0,1
BRDA:42,2,1,3
BRDA:48,3,0,1
BRDA:48,3,1,2
BRF:8
BRH:8
end_of_record
TN:
SF:src/lib/constants.ts
FNF:0
FNH:0
DA:1,4
DA:2,4
DA:4,4
DA:10,4
DA:18,4
DA:29,4
LF:6
LH:6
BRF:0
BRH:0
end_of_record
TN:
SF:src/lib/match.ts
FN:17,validateMatchScore
FN:60,scoresMatch
FNF:2
FNH:2
FNDA:10,validateMatchScore
FNDA:4,scoresMatch
DA:23,10
DA:24,2
DA:26,8
DA:27,0
DA:30,8
DA:31,8
DA:34,8
DA:35,2
DA:37,6
DA:38,1
DA:42,5
DA:43,3
DA:44,0
DA:46,3
DA:48,2
DA:49,0
DA:51,2
DA:67,4
LF:18
LH:15
BRDA:23,0,0,2
BRDA:23,0,1,8
BRDA:23,1,0,10
BRDA:23,1,1,9
BRDA:26,2,0,0
BRDA:26,2,1,8
BRDA:26,3,0,8
BRDA:26,3,1,8
BRDA:34,4,0,2
BRDA:34,4,1,6
BRDA:34,5,0,8
BRDA:34,5,1,5
BRDA:37,6,0,1
BRDA:37,6,1,5
BRDA:37,7,0,6
BRDA:37,7,1,3
BRDA:42,8,0,3
BRDA:42,8,1,2
BRDA:43,9,0,0
BRDA:43,9,1,3
BRDA:43,10,0,3
BRDA:43,10,1,3
BRDA:48,11,0,0
BRDA:48,11,1,2
BRDA:48,12,0,2
BRDA:48,12,1,2
BRDA:68,13,0,4
BRDA:68,13,1,3
BRF:28
BRH:25
end_of_record
TN:
SF:src/lib/ranking.ts
FN:20,validateRankingInvariant
FN:24,(anonymous_1)
FN:35,(anonymous_2)
FN:47,isValidChallengeRankDiff
FN:60,calculateRankShift
FN:71,(anonymous_5)
FN:72,(anonymous_6)
FN:86,(anonymous_7)
FNF:8
FNH:8
FNDA:9,validateRankingInvariant
FNDA:25,(anonymous_1)
FNDA:18,(anonymous_2)
FNDA:7,isValidChallengeRankDiff
FNDA:6,calculateRankShift
FNDA:20,(anonymous_5)
FNDA:12,(anonymous_6)
FNDA:15,(anonymous_7)
DA:21,9
DA:24,25
DA:27,8
DA:28,23
DA:29,23
DA:30,3
DA:35,18
DA:36,5
DA:37,1
DA:40,4
DA:51,7
DA:52,7
DA:66,6
DA:68,1
DA:71,20
DA:72,12
DA:74,5
DA:75,1
DA:78,4
DA:80,1
DA:83,3
DA:84,3
DA:86,3
DA:87,15
DA:89,3
DA:90,12
DA:95,7
DA:97,5
LF:28
LH:28
BRDA:21,0,0,1
BRDA:21,0,1,8
BRDA:29,1,0,3
BRDA:29,1,1,20
BRDA:36,2,0,1
BRDA:36,2,1,4
BRDA:52,3,0,7
BRDA:52,3,1,5
BRDA:66,4,0,1
BRDA:66,4,1,5
BRDA:74,5,0,1
BRDA:74,5,1,4
BRDA:74,6,0,5
BRDA:74,6,1,4
BRDA:78,7,0,1
BRDA:78,7,1,3
BRDA:87,8,0,3
BRDA:87,8,1,12
BRDA:90,9,0,7
BRDA:90,9,1,5
BRDA:91,10,0,12
BRDA:91,10,1,9
BRF:22
BRH:22
end_of_record
